<?xml version="1.0" encoding="UTF-8"?>
<!-- Generated by org.testng.reporters.JUnitReportReporter -->
<testsuite hostname="Raul" failures="0" tests="1" name="test.LoginTest" time="9.740" errors="0" timestamp="18 Mar 2022 01:06:14 GMT" skipped="0">
  <testcase classname="test.LoginTest" name="validUserShouldBeAbleToLogin" time="9.740"/>
</testsuite> <!-- test.LoginTest -->
